<?xml version="1.0" encoding="UTF-8"?>
<testsuite xmlns:xsi="http://www.w3.org/2001/XMLSchema-instance" xsi:noNamespaceSchemaLocation="https://maven.apache.org/surefire/maven-surefire-plugin/xsd/surefire-test-report.xsd" version="3.0.2" name="org.acme.rest.json.RestJsonTest" time="2.76" tests="2" errors="0" skipped="0" failures="0">
  <properties>
    <property name="java.specification.version" value="23"/>
    <property name="test.url" value="http://localhost:8081"/>
    <property name="sun.jnu.encoding" value="UTF-8"/>
    <property name="io.quarkus.security.http.test-if-basic-auth-implicitly-required" value="true"/>
    <property name="java.class.path" value="/Users/stanaka/work/demo/demo-camel-quarkus/camel-quarkus-cicd/target/test-classes:/Users/stanaka/work/demo/demo-camel-quarkus/camel-quarkus-cicd/target/classes:/Users/stanaka/.m2/repository/org/apache/camel/quarkus/camel-quarkus-jackson/3.15.0/camel-quarkus-jackson-3.15.0.jar:/Users/stanaka/.m2/repository/org/apache/camel/quarkus/camel-quarkus-core/3.15.0/camel-quarkus-core-3.15.0.jar:/Users/stanaka/.m2/repository/io/quarkus/quarkus-arc/3.15.1/quarkus-arc-3.15.1.jar:/Users/stanaka/.m2/repository/io/quarkus/arc/arc/3.15.1/arc-3.15.1.jar:/Users/stanaka/.m2/repository/jakarta/transaction/jakarta.transaction-api/2.0.1/jakarta.transaction-api-2.0.1.jar:/Users/stanaka/.m2/repository/io/smallrye/reactive/mutiny/2.6.2/mutiny-2.6.2.jar:/Users/stanaka/.m2/repository/org/jctools/jctools-core/4.0.5/jctools-core-4.0.5.jar:/Users/stanaka/.m2/repository/org/eclipse/microprofile/context-propagation/microprofile-context-propagation-api/1.3/microprofile-context-propagation-api-1.3.jar:/Users/stanaka/.m2/repository/io/quarkus/quarkus-development-mode-spi/3.15.1/quarkus-development-mode-spi-3.15.1.jar:/Users/stanaka/.m2/repository/org/apache/camel/camel-base/4.8.0/camel-base-4.8.0.jar:/Users/stanaka/.m2/repository/org/apache/camel/camel-api/4.8.0/camel-api-4.8.0.jar:/Users/stanaka/.m2/repository/org/apache/camel/camel-management-api/4.8.0/camel-management-api-4.8.0.jar:/Users/stanaka/.m2/repository/org/apache/camel/camel-util/4.8.0/camel-util-4.8.0.jar:/Users/stanaka/.m2/repository/org/apache/camel/camel-componentdsl/4.8.0/camel-componentdsl-4.8.0.jar:/Users/stanaka/.m2/repository/org/apache/camel/camel-core-catalog/4.8.0/camel-core-catalog-4.8.0.jar:/Users/stanaka/.m2/repository/org/apache/camel/camel-core-engine/4.8.0/camel-core-engine-4.8.0.jar:/Users/stanaka/.m2/repository/org/apache/camel/camel-base-engine/4.8.0/camel-base-engine-4.8.0.jar:/Users/stanaka/.m2/repository/org/apache/camel/camel-core-reifier/4.8.0/camel-core-reifier-4.8.0.jar:/Users/stanaka/.m2/repository/org/apache/camel/camel-core-languages/4.8.0/camel-core-languages-4.8.0.jar:/Users/stanaka/.m2/repository/org/apache/camel/camel-core-model/4.8.0/camel-core-model-4.8.0.jar:/Users/stanaka/.m2/repository/org/apache/camel/camel-xml-jaxp-util/4.8.0/camel-xml-jaxp-util-4.8.0.jar:/Users/stanaka/.m2/repository/org/apache/camel/camel-core-processor/4.8.0/camel-core-processor-4.8.0.jar:/Users/stanaka/.m2/repository/org/apache/camel/camel-endpointdsl/4.8.0/camel-endpointdsl-4.8.0.jar:/Users/stanaka/.m2/repository/org/apache/camel/camel-main/4.8.0/camel-main-4.8.0.jar:/Users/stanaka/.m2/repository/org/apache/camel/camel-microprofile-config/4.8.0/camel-microprofile-config-4.8.0.jar:/Users/stanaka/.m2/repository/org/eclipse/microprofile/config/microprofile-config-api/3.1/microprofile-config-api-3.1.jar:/Users/stanaka/.m2/repository/io/quarkus/quarkus-jaxp/3.15.1/quarkus-jaxp-3.15.1.jar:/Users/stanaka/.m2/repository/io/quarkus/quarkus-jackson/3.15.1/quarkus-jackson-3.15.1.jar:/Users/stanaka/.m2/repository/com/fasterxml/jackson/core/jackson-databind/2.17.2/jackson-databind-2.17.2.jar:/Users/stanaka/.m2/repository/com/fasterxml/jackson/datatype/jackson-datatype-jsr310/2.17.2/jackson-datatype-jsr310-2.17.2.jar:/Users/stanaka/.m2/repository/com/fasterxml/jackson/datatype/jackson-datatype-jdk8/2.17.2/jackson-datatype-jdk8-2.17.2.jar:/Users/stanaka/.m2/repository/com/fasterxml/jackson/module/jackson-module-parameter-names/2.17.2/jackson-module-parameter-names-2.17.2.jar:/Users/stanaka/.m2/repository/com/fasterxml/jackson/module/jackson-module-jakarta-xmlbind-annotations/2.17.2/jackson-module-jakarta-xmlbind-annotations-2.17.2.jar:/Users/stanaka/.m2/repository/com/fasterxml/jackson/core/jackson-annotations/2.17.2/jackson-annotations-2.17.2.jar:/Users/stanaka/.m2/repository/com/fasterxml/jackson/core/jackson-core/2.17.2/jackson-core-2.17.2.jar:/Users/stanaka/.m2/repository/jakarta/activation/jakarta.activation-api/2.1.3/jakarta.activation-api-2.1.3.jar:/Users/stanaka/.m2/repository/org/apache/camel/camel-jackson/4.8.0/camel-jackson-4.8.0.jar:/Users/stanaka/.m2/repository/jakarta/xml/bind/jakarta.xml.bind-api/4.0.2/jakarta.xml.bind-api-4.0.2.jar:/Users/stanaka/.m2/repository/org/eclipse/angus/angus-activation/2.0.2/angus-activation-2.0.2.jar:/Users/stanaka/.m2/repository/org/apache/camel/quarkus/camel-quarkus-rest/3.15.0/camel-quarkus-rest-3.15.0.jar:/Users/stanaka/.m2/repository/org/apache/camel/quarkus/camel-quarkus-platform-http/3.15.0/camel-quarkus-platform-http-3.15.0.jar:/Users/stanaka/.m2/repository/org/apache/camel/quarkus/camel-quarkus-attachments/3.15.0/camel-quarkus-attachments-3.15.0.jar:/Users/stanaka/.m2/repository/org/apache/camel/camel-attachments/4.8.0/camel-attachments-4.8.0.jar:/Users/stanaka/.m2/repository/org/apache/camel/camel-platform-http-vertx/4.8.0/camel-platform-http-vertx-4.8.0.jar:/Users/stanaka/.m2/repository/org/apache/camel/camel-platform-http/4.8.0/camel-platform-http-4.8.0.jar:/Users/stanaka/.m2/repository/org/apache/camel/camel-http-base/4.8.0/camel-http-base-4.8.0.jar:/Users/stanaka/.m2/repository/org/apache/camel/camel-vertx-common/4.8.0/camel-vertx-common-4.8.0.jar:/Users/stanaka/.m2/repository/io/vertx/vertx-core/4.5.10/vertx-core-4.5.10.jar:/Users/stanaka/.m2/repository/io/netty/netty-common/4.1.111.Final/netty-common-4.1.111.Final.jar:/Users/stanaka/.m2/repository/io/netty/netty-buffer/4.1.111.Final/netty-buffer-4.1.111.Final.jar:/Users/stanaka/.m2/repository/io/netty/netty-transport/4.1.111.Final/netty-transport-4.1.111.Final.jar:/Users/stanaka/.m2/repository/io/netty/netty-handler/4.1.111.Final/netty-handler-4.1.111.Final.jar:/Users/stanaka/.m2/repository/io/netty/netty-transport-native-unix-common/4.1.111.Final/netty-transport-native-unix-common-4.1.111.Final.jar:/Users/stanaka/.m2/repository/io/netty/netty-handler-proxy/4.1.111.Final/netty-handler-proxy-4.1.111.Final.jar:/Users/stanaka/.m2/repository/io/netty/netty-codec-socks/4.1.111.Final/netty-codec-socks-4.1.111.Final.jar:/Users/stanaka/.m2/repository/io/netty/netty-codec-http/4.1.111.Final/netty-codec-http-4.1.111.Final.jar:/Users/stanaka/.m2/repository/io/netty/netty-codec-http2/4.1.111.Final/netty-codec-http2-4.1.111.Final.jar:/Users/stanaka/.m2/repository/io/netty/netty-resolver/4.1.111.Final/netty-resolver-4.1.111.Final.jar:/Users/stanaka/.m2/repository/io/netty/netty-resolver-dns/4.1.111.Final/netty-resolver-dns-4.1.111.Final.jar:/Users/stanaka/.m2/repository/io/netty/netty-codec-dns/4.1.111.Final/netty-codec-dns-4.1.111.Final.jar:/Users/stanaka/.m2/repository/io/vertx/vertx-web/4.5.10/vertx-web-4.5.10.jar:/Users/stanaka/.m2/repository/io/vertx/vertx-web-common/4.5.10/vertx-web-common-4.5.10.jar:/Users/stanaka/.m2/repository/io/vertx/vertx-auth-common/4.5.10/vertx-auth-common-4.5.10.jar:/Users/stanaka/.m2/repository/io/vertx/vertx-bridge-common/4.5.10/vertx-bridge-common-4.5.10.jar:/Users/stanaka/.m2/repository/io/quarkus/quarkus-vertx-http/3.15.1/quarkus-vertx-http-3.15.1.jar:/Users/stanaka/.m2/repository/io/quarkus/quarkus-security-runtime-spi/3.15.1/quarkus-security-runtime-spi-3.15.1.jar:/Users/stanaka/.m2/repository/io/quarkus/quarkus-tls-registry/3.15.1/quarkus-tls-registry-3.15.1.jar:/Users/stanaka/.m2/repository/io/quarkus/quarkus-credentials/3.15.1/quarkus-credentials-3.15.1.jar:/Users/stanaka/.m2/repository/io/quarkus/quarkus-mutiny/3.15.1/quarkus-mutiny-3.15.1.jar:/Users/stanaka/.m2/repository/io/quarkus/quarkus-smallrye-context-propagation/3.15.1/quarkus-smallrye-context-propagation-3.15.1.jar:/Users/stanaka/.m2/repository/io/smallrye/smallrye-context-propagation/2.1.2/smallrye-context-propagation-2.1.2.jar:/Users/stanaka/.m2/repository/io/smallrye/smallrye-context-propagation-api/2.1.2/smallrye-context-propagation-api-2.1.2.jar:/Users/stanaka/.m2/repository/io/smallrye/smallrye-context-propagation-storage/2.1.2/smallrye-context-propagation-storage-2.1.2.jar:/Users/stanaka/.m2/repository/io/smallrye/reactive/mutiny-smallrye-context-propagation/2.6.2/mutiny-smallrye-context-propagation-2.6.2.jar:/Users/stanaka/.m2/repository/io/smallrye/common/smallrye-common-vertx-context/2.6.0/smallrye-common-vertx-context-2.6.0.jar:/Users/stanaka/.m2/repository/io/quarkus/security/quarkus-security/2.1.0/quarkus-security-2.1.0.jar:/Users/stanaka/.m2/repository/io/quarkus/quarkus-vertx/3.15.1/quarkus-vertx-3.15.1.jar:/Users/stanaka/.m2/repository/io/quarkus/quarkus-netty/3.15.1/quarkus-netty-3.15.1.jar:/Users/stanaka/.m2/repository/io/netty/netty-codec/4.1.111.Final/netty-codec-4.1.111.Final.jar:/Users/stanaka/.m2/repository/com/aayushatharva/brotli4j/brotli4j/1.16.0/brotli4j-1.16.0.jar:/Users/stanaka/.m2/repository/com/aayushatharva/brotli4j/service/1.16.0/service-1.16.0.jar:/Users/stanaka/.m2/repository/com/aayushatharva/brotli4j/native-osx-aarch64/1.16.0/native-osx-aarch64-1.16.0.jar:/Users/stanaka/.m2/repository/io/netty/netty-codec-haproxy/4.1.111.Final/netty-codec-haproxy-4.1.111.Final.jar:/Users/stanaka/.m2/repository/io/smallrye/common/smallrye-common-annotation/2.6.0/smallrye-common-annotation-2.6.0.jar:/Users/stanaka/.m2/repository/io/quarkus/quarkus-virtual-threads/3.15.1/quarkus-virtual-threads-3.15.1.jar:/Users/stanaka/.m2/repository/io/quarkus/quarkus-vertx-latebound-mdc-provider/3.15.1/quarkus-vertx-latebound-mdc-provider-3.15.1.jar:/Users/stanaka/.m2/repository/io/smallrye/reactive/smallrye-mutiny-vertx-core/3.15.0/smallrye-mutiny-vertx-core-3.15.0.jar:/Users/stanaka/.m2/repository/io/smallrye/reactive/smallrye-mutiny-vertx-runtime/3.15.0/smallrye-mutiny-vertx-runtime-3.15.0.jar:/Users/stanaka/.m2/repository/io/smallrye/reactive/vertx-mutiny-generator/3.15.0/vertx-mutiny-generator-3.15.0.jar:/Users/stanaka/.m2/repository/io/vertx/vertx-codegen/4.5.10/vertx-codegen-4.5.10.jar:/Users/stanaka/.m2/repository/io/smallrye/smallrye-fault-tolerance-vertx/6.4.0/smallrye-fault-tolerance-vertx-6.4.0.jar:/Users/stanaka/.m2/repository/io/smallrye/reactive/smallrye-mutiny-vertx-web/3.15.0/smallrye-mutiny-vertx-web-3.15.0.jar:/Users/stanaka/.m2/repository/io/smallrye/reactive/smallrye-mutiny-vertx-web-common/3.15.0/smallrye-mutiny-vertx-web-common-3.15.0.jar:/Users/stanaka/.m2/repository/io/smallrye/reactive/smallrye-mutiny-vertx-auth-common/3.15.0/smallrye-mutiny-vertx-auth-common-3.15.0.jar:/Users/stanaka/.m2/repository/io/smallrye/reactive/smallrye-mutiny-vertx-bridge-common/3.15.0/smallrye-mutiny-vertx-bridge-common-3.15.0.jar:/Users/stanaka/.m2/repository/io/smallrye/reactive/smallrye-mutiny-vertx-uri-template/3.15.0/smallrye-mutiny-vertx-uri-template-3.15.0.jar:/Users/stanaka/.m2/repository/io/vertx/vertx-uri-template/4.5.10/vertx-uri-template-4.5.10.jar:/Users/stanaka/.m2/repository/io/github/crac/org-crac/0.1.3/org-crac-0.1.3.jar:/Users/stanaka/.m2/repository/org/apache/camel/camel-rest/4.8.0/camel-rest-4.8.0.jar:/Users/stanaka/.m2/repository/org/apache/camel/camel-support/4.8.0/camel-support-4.8.0.jar:/Users/stanaka/.m2/repository/org/apache/camel/camel-util-json/4.8.0/camel-util-json-4.8.0.jar:/Users/stanaka/.m2/repository/org/apache/camel/camel-tooling-model/4.8.0/camel-tooling-model-4.8.0.jar:/Users/stanaka/.m2/repository/org/apache/camel/quarkus/camel-quarkus-direct/3.15.0/camel-quarkus-direct-3.15.0.jar:/Users/stanaka/.m2/repository/org/apache/camel/camel-direct/4.8.0/camel-direct-4.8.0.jar:/Users/stanaka/.m2/repository/io/quarkus/quarkus-junit5/3.15.1/quarkus-junit5-3.15.1.jar:/Users/stanaka/.m2/repository/io/quarkus/quarkus-bootstrap-core/3.15.1/quarkus-bootstrap-core-3.15.1.jar:/Users/stanaka/.m2/repository/io/quarkus/quarkus-classloader-commons/3.15.1/quarkus-classloader-commons-3.15.1.jar:/Users/stanaka/.m2/repository/io/quarkus/quarkus-bootstrap-app-model/3.15.1/quarkus-bootstrap-app-model-3.15.1.jar:/Users/stanaka/.m2/repository/io/smallrye/common/smallrye-common-io/2.6.0/smallrye-common-io-2.6.0.jar:/Users/stanaka/.m2/repository/org/eclipse/sisu/org.eclipse.sisu.inject/0.9.0.M3/org.eclipse.sisu.inject-0.9.0.M3.jar:/Users/stanaka/.m2/repository/io/quarkus/quarkus-test-common/3.15.1/quarkus-test-common-3.15.1.jar:/Users/stanaka/.m2/repository/io/quarkus/quarkus-core-deployment/3.15.1/quarkus-core-deployment-3.15.1.jar:/Users/stanaka/.m2/repository/org/aesh/readline/2.6/readline-2.6.jar:/Users/stanaka/.m2/repository/org/fusesource/jansi/jansi/2.4.0/jansi-2.4.0.jar:/Users/stanaka/.m2/repository/org/aesh/aesh/2.8.2/aesh-2.8.2.jar:/Users/stanaka/.m2/repository/io/quarkus/gizmo/gizmo/1.8.0/gizmo-1.8.0.jar:/Users/stanaka/.m2/repository/org/ow2/asm/asm-util/9.7/asm-util-9.7.jar:/Users/stanaka/.m2/repository/org/ow2/asm/asm-analysis/9.7/asm-analysis-9.7.jar:/Users/stanaka/.m2/repository/org/ow2/asm/asm/9.7/asm-9.7.jar:/Users/stanaka/.m2/repository/org/ow2/asm/asm-commons/9.7/asm-commons-9.7.jar:/Users/stanaka/.m2/repository/org/ow2/asm/asm-tree/9.7/asm-tree-9.7.jar:/Users/stanaka/.m2/repository/io/quarkus/quarkus-hibernate-validator-spi/3.15.1/quarkus-hibernate-validator-spi-3.15.1.jar:/Users/stanaka/.m2/repository/io/quarkus/quarkus-class-change-agent/3.15.1/quarkus-class-change-agent-3.15.1.jar:/Users/stanaka/.m2/repository/io/quarkus/quarkus-devtools-utilities/3.15.1/quarkus-devtools-utilities-3.15.1.jar:/Users/stanaka/.m2/repository/io/quarkus/quarkus-builder/3.15.1/quarkus-builder-3.15.1.jar:/Users/stanaka/.m2/repository/org/graalvm/sdk/nativeimage/23.1.2/nativeimage-23.1.2.jar:/Users/stanaka/.m2/repository/org/graalvm/sdk/word/23.1.2/word-23.1.2.jar:/Users/stanaka/.m2/repository/org/junit/platform/junit-platform-launcher/1.10.3/junit-platform-launcher-1.10.3.jar:/Users/stanaka/.m2/repository/io/quarkus/quarkus-bootstrap-maven-resolver/3.15.1/quarkus-bootstrap-maven-resolver-3.15.1.jar:/Users/stanaka/.m2/repository/io/smallrye/beanbag/smallrye-beanbag-maven/1.5.2/smallrye-beanbag-maven-1.5.2.jar:/Users/stanaka/.m2/repository/io/smallrye/beanbag/smallrye-beanbag-sisu/1.5.2/smallrye-beanbag-sisu-1.5.2.jar:/Users/stanaka/.m2/repository/io/smallrye/beanbag/smallrye-beanbag/1.5.2/smallrye-beanbag-1.5.2.jar:/Users/stanaka/.m2/repository/javax/inject/javax.inject/1/javax.inject-1.jar:/Users/stanaka/.m2/repository/org/apache/maven/maven-artifact/3.9.8/maven-artifact-3.9.8.jar:/Users/stanaka/.m2/repository/org/apache/maven/maven-builder-support/3.9.8/maven-builder-support-3.9.8.jar:/Users/stanaka/.m2/repository/org/apache/maven/maven-model/3.9.8/maven-model-3.9.8.jar:/Users/stanaka/.m2/repository/org/apache/maven/maven-model-builder/3.9.8/maven-model-builder-3.9.8.jar:/Users/stanaka/.m2/repository/org/apache/maven/maven-repository-metadata/3.9.8/maven-repository-metadata-3.9.8.jar:/Users/stanaka/.m2/repository/org/apache/maven/maven-settings/3.9.8/maven-settings-3.9.8.jar:/Users/stanaka/.m2/repository/org/apache/maven/resolver/maven-resolver-api/1.9.22/maven-resolver-api-1.9.22.jar:/Users/stanaka/.m2/repository/org/apache/maven/resolver/maven-resolver-impl/1.9.22/maven-resolver-impl-1.9.22.jar:/Users/stanaka/.m2/repository/org/apache/maven/resolver/maven-resolver-named-locks/1.9.22/maven-resolver-named-locks-1.9.22.jar:/Users/stanaka/.m2/repository/org/apache/maven/resolver/maven-resolver-spi/1.9.22/maven-resolver-spi-1.9.22.jar:/Users/stanaka/.m2/repository/org/apache/maven/resolver/maven-resolver-util/1.9.22/maven-resolver-util-1.9.22.jar:/Users/stanaka/.m2/repository/org/apache/maven/resolver/maven-resolver-transport-http/1.9.20/maven-resolver-transport-http-1.9.20.jar:/Users/stanaka/.m2/repository/org/apache/maven/wagon/wagon-provider-api/3.5.3/wagon-provider-api-3.5.3.jar:/Users/stanaka/.m2/repository/org/apache/maven/wagon/wagon-http-shared/3.5.3/wagon-http-shared-3.5.3.jar:/Users/stanaka/.m2/repository/org/codehaus/plexus/plexus-interpolation/1.26/plexus-interpolation-1.26.jar:/Users/stanaka/.m2/repository/org/codehaus/plexus/plexus-utils/3.5.1/plexus-utils-3.5.1.jar:/Users/stanaka/.m2/repository/org/codehaus/plexus/plexus-xml/4.0.1/plexus-xml-4.0.1.jar:/Users/stanaka/.m2/repository/org/apache/maven/maven-xml-impl/4.0.0-alpha-5/maven-xml-impl-4.0.0-alpha-5.jar:/Users/stanaka/.m2/repository/org/apache/maven/maven-api-xml/4.0.0-alpha-5/maven-api-xml-4.0.0-alpha-5.jar:/Users/stanaka/.m2/repository/org/apache/maven/maven-api-meta/4.0.0-alpha-5/maven-api-meta-4.0.0-alpha-5.jar:/Users/stanaka/.m2/repository/org/codehaus/plexus/plexus-cipher/2.0/plexus-cipher-2.0.jar:/Users/stanaka/.m2/repository/org/codehaus/plexus/plexus-sec-dispatcher/2.0/plexus-sec-dispatcher-2.0.jar:/Users/stanaka/.m2/repository/org/apache/maven/maven-embedder/3.9.8/maven-embedder-3.9.8.jar:/Users/stanaka/.m2/repository/org/apache/maven/maven-core/3.9.8/maven-core-3.9.8.jar:/Users/stanaka/.m2/repository/org/codehaus/plexus/plexus-component-annotations/2.1.0/plexus-component-annotations-2.1.0.jar:/Users/stanaka/.m2/repository/org/apache/maven/maven-plugin-api/3.9.8/maven-plugin-api-3.9.8.jar:/Users/stanaka/.m2/repository/org/apache/maven/shared/maven-shared-utils/3.4.2/maven-shared-utils-3.4.2.jar:/Users/stanaka/.m2/repository/com/google/inject/guice/5.1.0/guice-5.1.0.jar:/Users/stanaka/.m2/repository/aopalliance/aopalliance/1.0/aopalliance-1.0.jar:/Users/stanaka/.m2/repository/com/google/guava/guava/33.2.1-jre/guava-33.2.1-jre.jar:/Users/stanaka/.m2/repository/com/google/guava/failureaccess/1.0.1/failureaccess-1.0.1.jar:/Users/stanaka/.m2/repository/javax/annotation/javax.annotation-api/1.3.2/javax.annotation-api-1.3.2.jar:/Users/stanaka/.m2/repository/org/codehaus/plexus/plexus-classworlds/2.6.0/plexus-classworlds-2.6.0.jar:/Users/stanaka/.m2/repository/commons-cli/commons-cli/1.8.0/commons-cli-1.8.0.jar:/Users/stanaka/.m2/repository/org/eclipse/sisu/org.eclipse.sisu.plexus/0.9.0.M3/org.eclipse.sisu.plexus-0.9.0.M3.jar:/Users/stanaka/.m2/repository/org/apache/maven/maven-settings-builder/3.9.8/maven-settings-builder-3.9.8.jar:/Users/stanaka/.m2/repository/org/apache/maven/maven-resolver-provider/3.9.8/maven-resolver-provider-3.9.8.jar:/Users/stanaka/.m2/repository/org/apache/maven/resolver/maven-resolver-connector-basic/1.9.22/maven-resolver-connector-basic-1.9.22.jar:/Users/stanaka/.m2/repository/org/apache/maven/resolver/maven-resolver-transport-wagon/1.9.22/maven-resolver-transport-wagon-1.9.22.jar:/Users/stanaka/.m2/repository/org/apache/maven/wagon/wagon-http/3.5.3/wagon-http-3.5.3.jar:/Users/stanaka/.m2/repository/org/apache/maven/wagon/wagon-file/3.5.3/wagon-file-3.5.3.jar:/Users/stanaka/.m2/repository/io/quarkus/quarkus-bootstrap-gradle-resolver/3.15.1/quarkus-bootstrap-gradle-resolver-3.15.1.jar:/Users/stanaka/.m2/repository/io/smallrye/jandex/3.2.2/jandex-3.2.2.jar:/Users/stanaka/.m2/repository/commons-io/commons-io/2.16.1/commons-io-2.16.1.jar:/Users/stanaka/.m2/repository/org/jboss/logging/commons-logging-jboss-logging/1.0.0.Final/commons-logging-jboss-logging-1.0.0.Final.jar:/Users/stanaka/.m2/repository/io/quarkus/quarkus-junit5-properties/3.15.1/quarkus-junit5-properties-3.15.1.jar:/Users/stanaka/.m2/repository/org/junit/jupiter/junit-jupiter/5.10.3/junit-jupiter-5.10.3.jar:/Users/stanaka/.m2/repository/org/junit/jupiter/junit-jupiter-api/5.10.3/junit-jupiter-api-5.10.3.jar:/Users/stanaka/.m2/repository/org/opentest4j/opentest4j/1.3.0/opentest4j-1.3.0.jar:/Users/stanaka/.m2/repository/org/junit/platform/junit-platform-commons/1.10.3/junit-platform-commons-1.10.3.jar:/Users/stanaka/.m2/repository/org/apiguardian/apiguardian-api/1.1.2/apiguardian-api-1.1.2.jar:/Users/stanaka/.m2/repository/org/junit/jupiter/junit-jupiter-params/5.10.3/junit-jupiter-params-5.10.3.jar:/Users/stanaka/.m2/repository/org/junit/jupiter/junit-jupiter-engine/5.10.3/junit-jupiter-engine-5.10.3.jar:/Users/stanaka/.m2/repository/org/junit/platform/junit-platform-engine/1.10.3/junit-platform-engine-1.10.3.jar:/Users/stanaka/.m2/repository/io/quarkus/quarkus-core/3.15.1/quarkus-core-3.15.1.jar:/Users/stanaka/.m2/repository/jakarta/annotation/jakarta.annotation-api/3.0.0/jakarta.annotation-api-3.0.0.jar:/Users/stanaka/.m2/repository/jakarta/enterprise/jakarta.enterprise.cdi-api/4.1.0/jakarta.enterprise.cdi-api-4.1.0.jar:/Users/stanaka/.m2/repository/jakarta/enterprise/jakarta.enterprise.lang-model/4.1.0/jakarta.enterprise.lang-model-4.1.0.jar:/Users/stanaka/.m2/repository/jakarta/el/jakarta.el-api/5.0.1/jakarta.el-api-5.0.1.jar:/Users/stanaka/.m2/repository/jakarta/interceptor/jakarta.interceptor-api/2.2.0/jakarta.interceptor-api-2.2.0.jar:/Users/stanaka/.m2/repository/jakarta/inject/jakarta.inject-api/2.0.1/jakarta.inject-api-2.0.1.jar:/Users/stanaka/.m2/repository/io/smallrye/common/smallrye-common-os/2.6.0/smallrye-common-os-2.6.0.jar:/Users/stanaka/.m2/repository/io/quarkus/quarkus-ide-launcher/3.15.1/quarkus-ide-launcher-3.15.1.jar:/Users/stanaka/.m2/repository/io/smallrye/config/smallrye-config/3.9.1/smallrye-config-3.9.1.jar:/Users/stanaka/.m2/repository/io/smallrye/config/smallrye-config-core/3.9.1/smallrye-config-core-3.9.1.jar:/Users/stanaka/.m2/repository/io/smallrye/common/smallrye-common-classloader/2.6.0/smallrye-common-classloader-2.6.0.jar:/Users/stanaka/.m2/repository/io/smallrye/config/smallrye-config-common/3.9.1/smallrye-config-common-3.9.1.jar:/Users/stanaka/.m2/repository/org/jboss/logging/jboss-logging/3.6.0.Final/jboss-logging-3.6.0.Final.jar:/Users/stanaka/.m2/repository/org/jboss/logmanager/jboss-logmanager/3.0.6.Final/jboss-logmanager-3.0.6.Final.jar:/Users/stanaka/.m2/repository/io/smallrye/common/smallrye-common-constraint/2.6.0/smallrye-common-constraint-2.6.0.jar:/Users/stanaka/.m2/repository/io/smallrye/common/smallrye-common-cpu/2.6.0/smallrye-common-cpu-2.6.0.jar:/Users/stanaka/.m2/repository/io/smallrye/common/smallrye-common-expression/2.6.0/smallrye-common-expression-2.6.0.jar:/Users/stanaka/.m2/repository/io/smallrye/common/smallrye-common-function/2.6.0/smallrye-common-function-2.6.0.jar:/Users/stanaka/.m2/repository/io/smallrye/common/smallrye-common-net/2.6.0/smallrye-common-net-2.6.0.jar:/Users/stanaka/.m2/repository/io/smallrye/common/smallrye-common-ref/2.6.0/smallrye-common-ref-2.6.0.jar:/Users/stanaka/.m2/repository/jakarta/json/jakarta.json-api/2.1.3/jakarta.json-api-2.1.3.jar:/Users/stanaka/.m2/repository/org/eclipse/parsson/parsson/1.1.7/parsson-1.1.7.jar:/Users/stanaka/.m2/repository/org/jboss/logging/jboss-logging-annotations/3.0.1.Final/jboss-logging-annotations-3.0.1.Final.jar:/Users/stanaka/.m2/repository/org/jboss/threads/jboss-threads/3.6.1.Final/jboss-threads-3.6.1.Final.jar:/Users/stanaka/.m2/repository/org/slf4j/slf4j-api/2.0.6/slf4j-api-2.0.6.jar:/Users/stanaka/.m2/repository/org/jboss/slf4j/slf4j-jboss-logmanager/2.0.0.Final/slf4j-jboss-logmanager-2.0.0.Final.jar:/Users/stanaka/.m2/repository/org/wildfly/common/wildfly-common/1.7.0.Final/wildfly-common-1.7.0.Final.jar:/Users/stanaka/.m2/repository/io/quarkus/quarkus-bootstrap-runner/3.15.1/quarkus-bootstrap-runner-3.15.1.jar:/Users/stanaka/.m2/repository/io/quarkus/quarkus-fs-util/0.0.10/quarkus-fs-util-0.0.10.jar:/Users/stanaka/.m2/repository/org/jboss/marshalling/jboss-marshalling/2.2.1.Final/jboss-marshalling-2.2.1.Final.jar:/Users/stanaka/.m2/repository/io/rest-assured/rest-assured/5.5.0/rest-assured-5.5.0.jar:/Users/stanaka/.m2/repository/org/apache/groovy/groovy/4.0.21/groovy-4.0.21.jar:/Users/stanaka/.m2/repository/org/apache/groovy/groovy-xml/4.0.22/groovy-xml-4.0.22.jar:/Users/stanaka/.m2/repository/org/apache/httpcomponents/httpclient/4.5.14/httpclient-4.5.14.jar:/Users/stanaka/.m2/repository/org/apache/httpcomponents/httpcore/4.4.16/httpcore-4.4.16.jar:/Users/stanaka/.m2/repository/commons-codec/commons-codec/1.17.1/commons-codec-1.17.1.jar:/Users/stanaka/.m2/repository/org/apache/httpcomponents/httpmime/4.5.14/httpmime-4.5.14.jar:/Users/stanaka/.m2/repository/org/hamcrest/hamcrest/2.2/hamcrest-2.2.jar:/Users/stanaka/.m2/repository/org/ccil/cowan/tagsoup/tagsoup/1.2.1/tagsoup-1.2.1.jar:/Users/stanaka/.m2/repository/io/rest-assured/json-path/5.5.0/json-path-5.5.0.jar:/Users/stanaka/.m2/repository/org/apache/groovy/groovy-json/4.0.22/groovy-json-4.0.22.jar:/Users/stanaka/.m2/repository/io/rest-assured/rest-assured-common/5.5.0/rest-assured-common-5.5.0.jar:/Users/stanaka/.m2/repository/io/rest-assured/xml-path/5.5.0/xml-path-5.5.0.jar:/Users/stanaka/.m2/repository/org/apache/commons/commons-lang3/3.14.0/commons-lang3-3.14.0.jar:"/>
    <property name="java.vm.vendor" value="Oracle Corporation"/>
    <property name="sun.arch.data.model" value="64"/>
    <property name="quarkusRegistryClient" value="true"/>
    <property name="java.vendor.url" value="https://java.oracle.com/"/>
    <property name="user.timezone" value="America/Sao_Paulo"/>
    <property name="logging.initial-configurator.min-level" value="500"/>
    <property name="java.vm.specification.version" value="23"/>
    <property name="os.name" value="Mac OS X"/>
    <property name="sun.java.launcher" value="SUN_STANDARD"/>
    <property name="user.country" value="BR"/>
    <property name="groovy.use.classvalue" value="false"/>
    <property name="sun.boot.library.path" value="/Users/stanaka/.sdkman/candidates/java/23.0.1-graal/lib"/>
    <property name="sun.java.command" value="/Users/stanaka/work/demo/demo-camel-quarkus/camel-quarkus-cicd/target/surefire/surefirebooter-20241025075350450_3.jar /Users/stanaka/work/demo/demo-camel-quarkus/camel-quarkus-cicd/target/surefire 2024-10-25T07-53-50_410-jvmRun1 surefire-20241025075350450_1tmp surefire_0-20241025075350450_2tmp"/>
    <property name="http.nonProxyHosts" value="local|*.local|169.254/16|*.169.254/16"/>
    <property name="jdk.debug" value="release"/>
    <property name="surefire.test.class.path" value="/Users/stanaka/work/demo/demo-camel-quarkus/camel-quarkus-cicd/target/test-classes:/Users/stanaka/work/demo/demo-camel-quarkus/camel-quarkus-cicd/target/classes:/Users/stanaka/.m2/repository/org/apache/camel/quarkus/camel-quarkus-jackson/3.15.0/camel-quarkus-jackson-3.15.0.jar:/Users/stanaka/.m2/repository/org/apache/camel/quarkus/camel-quarkus-core/3.15.0/camel-quarkus-core-3.15.0.jar:/Users/stanaka/.m2/repository/io/quarkus/quarkus-arc/3.15.1/quarkus-arc-3.15.1.jar:/Users/stanaka/.m2/repository/io/quarkus/arc/arc/3.15.1/arc-3.15.1.jar:/Users/stanaka/.m2/repository/jakarta/transaction/jakarta.transaction-api/2.0.1/jakarta.transaction-api-2.0.1.jar:/Users/stanaka/.m2/repository/io/smallrye/reactive/mutiny/2.6.2/mutiny-2.6.2.jar:/Users/stanaka/.m2/repository/org/jctools/jctools-core/4.0.5/jctools-core-4.0.5.jar:/Users/stanaka/.m2/repository/org/eclipse/microprofile/context-propagation/microprofile-context-propagation-api/1.3/microprofile-context-propagation-api-1.3.jar:/Users/stanaka/.m2/repository/io/quarkus/quarkus-development-mode-spi/3.15.1/quarkus-development-mode-spi-3.15.1.jar:/Users/stanaka/.m2/repository/org/apache/camel/camel-base/4.8.0/camel-base-4.8.0.jar:/Users/stanaka/.m2/repository/org/apache/camel/camel-api/4.8.0/camel-api-4.8.0.jar:/Users/stanaka/.m2/repository/org/apache/camel/camel-management-api/4.8.0/camel-management-api-4.8.0.jar:/Users/stanaka/.m2/repository/org/apache/camel/camel-util/4.8.0/camel-util-4.8.0.jar:/Users/stanaka/.m2/repository/org/apache/camel/camel-componentdsl/4.8.0/camel-componentdsl-4.8.0.jar:/Users/stanaka/.m2/repository/org/apache/camel/camel-core-catalog/4.8.0/camel-core-catalog-4.8.0.jar:/Users/stanaka/.m2/repository/org/apache/camel/camel-core-engine/4.8.0/camel-core-engine-4.8.0.jar:/Users/stanaka/.m2/repository/org/apache/camel/camel-base-engine/4.8.0/camel-base-engine-4.8.0.jar:/Users/stanaka/.m2/repository/org/apache/camel/camel-core-reifier/4.8.0/camel-core-reifier-4.8.0.jar:/Users/stanaka/.m2/repository/org/apache/camel/camel-core-languages/4.8.0/camel-core-languages-4.8.0.jar:/Users/stanaka/.m2/repository/org/apache/camel/camel-core-model/4.8.0/camel-core-model-4.8.0.jar:/Users/stanaka/.m2/repository/org/apache/camel/camel-xml-jaxp-util/4.8.0/camel-xml-jaxp-util-4.8.0.jar:/Users/stanaka/.m2/repository/org/apache/camel/camel-core-processor/4.8.0/camel-core-processor-4.8.0.jar:/Users/stanaka/.m2/repository/org/apache/camel/camel-endpointdsl/4.8.0/camel-endpointdsl-4.8.0.jar:/Users/stanaka/.m2/repository/org/apache/camel/camel-main/4.8.0/camel-main-4.8.0.jar:/Users/stanaka/.m2/repository/org/apache/camel/camel-microprofile-config/4.8.0/camel-microprofile-config-4.8.0.jar:/Users/stanaka/.m2/repository/org/eclipse/microprofile/config/microprofile-config-api/3.1/microprofile-config-api-3.1.jar:/Users/stanaka/.m2/repository/io/quarkus/quarkus-jaxp/3.15.1/quarkus-jaxp-3.15.1.jar:/Users/stanaka/.m2/repository/io/quarkus/quarkus-jackson/3.15.1/quarkus-jackson-3.15.1.jar:/Users/stanaka/.m2/repository/com/fasterxml/jackson/core/jackson-databind/2.17.2/jackson-databind-2.17.2.jar:/Users/stanaka/.m2/repository/com/fasterxml/jackson/datatype/jackson-datatype-jsr310/2.17.2/jackson-datatype-jsr310-2.17.2.jar:/Users/stanaka/.m2/repository/com/fasterxml/jackson/datatype/jackson-datatype-jdk8/2.17.2/jackson-datatype-jdk8-2.17.2.jar:/Users/stanaka/.m2/repository/com/fasterxml/jackson/module/jackson-module-parameter-names/2.17.2/jackson-module-parameter-names-2.17.2.jar:/Users/stanaka/.m2/repository/com/fasterxml/jackson/module/jackson-module-jakarta-xmlbind-annotations/2.17.2/jackson-module-jakarta-xmlbind-annotations-2.17.2.jar:/Users/stanaka/.m2/repository/com/fasterxml/jackson/core/jackson-annotations/2.17.2/jackson-annotations-2.17.2.jar:/Users/stanaka/.m2/repository/com/fasterxml/jackson/core/jackson-core/2.17.2/jackson-core-2.17.2.jar:/Users/stanaka/.m2/repository/jakarta/activation/jakarta.activation-api/2.1.3/jakarta.activation-api-2.1.3.jar:/Users/stanaka/.m2/repository/org/apache/camel/camel-jackson/4.8.0/camel-jackson-4.8.0.jar:/Users/stanaka/.m2/repository/jakarta/xml/bind/jakarta.xml.bind-api/4.0.2/jakarta.xml.bind-api-4.0.2.jar:/Users/stanaka/.m2/repository/org/eclipse/angus/angus-activation/2.0.2/angus-activation-2.0.2.jar:/Users/stanaka/.m2/repository/org/apache/camel/quarkus/camel-quarkus-rest/3.15.0/camel-quarkus-rest-3.15.0.jar:/Users/stanaka/.m2/repository/org/apache/camel/quarkus/camel-quarkus-platform-http/3.15.0/camel-quarkus-platform-http-3.15.0.jar:/Users/stanaka/.m2/repository/org/apache/camel/quarkus/camel-quarkus-attachments/3.15.0/camel-quarkus-attachments-3.15.0.jar:/Users/stanaka/.m2/repository/org/apache/camel/camel-attachments/4.8.0/camel-attachments-4.8.0.jar:/Users/stanaka/.m2/repository/org/apache/camel/camel-platform-http-vertx/4.8.0/camel-platform-http-vertx-4.8.0.jar:/Users/stanaka/.m2/repository/org/apache/camel/camel-platform-http/4.8.0/camel-platform-http-4.8.0.jar:/Users/stanaka/.m2/repository/org/apache/camel/camel-http-base/4.8.0/camel-http-base-4.8.0.jar:/Users/stanaka/.m2/repository/org/apache/camel/camel-vertx-common/4.8.0/camel-vertx-common-4.8.0.jar:/Users/stanaka/.m2/repository/io/vertx/vertx-core/4.5.10/vertx-core-4.5.10.jar:/Users/stanaka/.m2/repository/io/netty/netty-common/4.1.111.Final/netty-common-4.1.111.Final.jar:/Users/stanaka/.m2/repository/io/netty/netty-buffer/4.1.111.Final/netty-buffer-4.1.111.Final.jar:/Users/stanaka/.m2/repository/io/netty/netty-transport/4.1.111.Final/netty-transport-4.1.111.Final.jar:/Users/stanaka/.m2/repository/io/netty/netty-handler/4.1.111.Final/netty-handler-4.1.111.Final.jar:/Users/stanaka/.m2/repository/io/netty/netty-transport-native-unix-common/4.1.111.Final/netty-transport-native-unix-common-4.1.111.Final.jar:/Users/stanaka/.m2/repository/io/netty/netty-handler-proxy/4.1.111.Final/netty-handler-proxy-4.1.111.Final.jar:/Users/stanaka/.m2/repository/io/netty/netty-codec-socks/4.1.111.Final/netty-codec-socks-4.1.111.Final.jar:/Users/stanaka/.m2/repository/io/netty/netty-codec-http/4.1.111.Final/netty-codec-http-4.1.111.Final.jar:/Users/stanaka/.m2/repository/io/netty/netty-codec-http2/4.1.111.Final/netty-codec-http2-4.1.111.Final.jar:/Users/stanaka/.m2/repository/io/netty/netty-resolver/4.1.111.Final/netty-resolver-4.1.111.Final.jar:/Users/stanaka/.m2/repository/io/netty/netty-resolver-dns/4.1.111.Final/netty-resolver-dns-4.1.111.Final.jar:/Users/stanaka/.m2/repository/io/netty/netty-codec-dns/4.1.111.Final/netty-codec-dns-4.1.111.Final.jar:/Users/stanaka/.m2/repository/io/vertx/vertx-web/4.5.10/vertx-web-4.5.10.jar:/Users/stanaka/.m2/repository/io/vertx/vertx-web-common/4.5.10/vertx-web-common-4.5.10.jar:/Users/stanaka/.m2/repository/io/vertx/vertx-auth-common/4.5.10/vertx-auth-common-4.5.10.jar:/Users/stanaka/.m2/repository/io/vertx/vertx-bridge-common/4.5.10/vertx-bridge-common-4.5.10.jar:/Users/stanaka/.m2/repository/io/quarkus/quarkus-vertx-http/3.15.1/quarkus-vertx-http-3.15.1.jar:/Users/stanaka/.m2/repository/io/quarkus/quarkus-security-runtime-spi/3.15.1/quarkus-security-runtime-spi-3.15.1.jar:/Users/stanaka/.m2/repository/io/quarkus/quarkus-tls-registry/3.15.1/quarkus-tls-registry-3.15.1.jar:/Users/stanaka/.m2/repository/io/quarkus/quarkus-credentials/3.15.1/quarkus-credentials-3.15.1.jar:/Users/stanaka/.m2/repository/io/quarkus/quarkus-mutiny/3.15.1/quarkus-mutiny-3.15.1.jar:/Users/stanaka/.m2/repository/io/quarkus/quarkus-smallrye-context-propagation/3.15.1/quarkus-smallrye-context-propagation-3.15.1.jar:/Users/stanaka/.m2/repository/io/smallrye/smallrye-context-propagation/2.1.2/smallrye-context-propagation-2.1.2.jar:/Users/stanaka/.m2/repository/io/smallrye/smallrye-context-propagation-api/2.1.2/smallrye-context-propagation-api-2.1.2.jar:/Users/stanaka/.m2/repository/io/smallrye/smallrye-context-propagation-storage/2.1.2/smallrye-context-propagation-storage-2.1.2.jar:/Users/stanaka/.m2/repository/io/smallrye/reactive/mutiny-smallrye-context-propagation/2.6.2/mutiny-smallrye-context-propagation-2.6.2.jar:/Users/stanaka/.m2/repository/io/smallrye/common/smallrye-common-vertx-context/2.6.0/smallrye-common-vertx-context-2.6.0.jar:/Users/stanaka/.m2/repository/io/quarkus/security/quarkus-security/2.1.0/quarkus-security-2.1.0.jar:/Users/stanaka/.m2/repository/io/quarkus/quarkus-vertx/3.15.1/quarkus-vertx-3.15.1.jar:/Users/stanaka/.m2/repository/io/quarkus/quarkus-netty/3.15.1/quarkus-netty-3.15.1.jar:/Users/stanaka/.m2/repository/io/netty/netty-codec/4.1.111.Final/netty-codec-4.1.111.Final.jar:/Users/stanaka/.m2/repository/com/aayushatharva/brotli4j/brotli4j/1.16.0/brotli4j-1.16.0.jar:/Users/stanaka/.m2/repository/com/aayushatharva/brotli4j/service/1.16.0/service-1.16.0.jar:/Users/stanaka/.m2/repository/com/aayushatharva/brotli4j/native-osx-aarch64/1.16.0/native-osx-aarch64-1.16.0.jar:/Users/stanaka/.m2/repository/io/netty/netty-codec-haproxy/4.1.111.Final/netty-codec-haproxy-4.1.111.Final.jar:/Users/stanaka/.m2/repository/io/smallrye/common/smallrye-common-annotation/2.6.0/smallrye-common-annotation-2.6.0.jar:/Users/stanaka/.m2/repository/io/quarkus/quarkus-virtual-threads/3.15.1/quarkus-virtual-threads-3.15.1.jar:/Users/stanaka/.m2/repository/io/quarkus/quarkus-vertx-latebound-mdc-provider/3.15.1/quarkus-vertx-latebound-mdc-provider-3.15.1.jar:/Users/stanaka/.m2/repository/io/smallrye/reactive/smallrye-mutiny-vertx-core/3.15.0/smallrye-mutiny-vertx-core-3.15.0.jar:/Users/stanaka/.m2/repository/io/smallrye/reactive/smallrye-mutiny-vertx-runtime/3.15.0/smallrye-mutiny-vertx-runtime-3.15.0.jar:/Users/stanaka/.m2/repository/io/smallrye/reactive/vertx-mutiny-generator/3.15.0/vertx-mutiny-generator-3.15.0.jar:/Users/stanaka/.m2/repository/io/vertx/vertx-codegen/4.5.10/vertx-codegen-4.5.10.jar:/Users/stanaka/.m2/repository/io/smallrye/smallrye-fault-tolerance-vertx/6.4.0/smallrye-fault-tolerance-vertx-6.4.0.jar:/Users/stanaka/.m2/repository/io/smallrye/reactive/smallrye-mutiny-vertx-web/3.15.0/smallrye-mutiny-vertx-web-3.15.0.jar:/Users/stanaka/.m2/repository/io/smallrye/reactive/smallrye-mutiny-vertx-web-common/3.15.0/smallrye-mutiny-vertx-web-common-3.15.0.jar:/Users/stanaka/.m2/repository/io/smallrye/reactive/smallrye-mutiny-vertx-auth-common/3.15.0/smallrye-mutiny-vertx-auth-common-3.15.0.jar:/Users/stanaka/.m2/repository/io/smallrye/reactive/smallrye-mutiny-vertx-bridge-common/3.15.0/smallrye-mutiny-vertx-bridge-common-3.15.0.jar:/Users/stanaka/.m2/repository/io/smallrye/reactive/smallrye-mutiny-vertx-uri-template/3.15.0/smallrye-mutiny-vertx-uri-template-3.15.0.jar:/Users/stanaka/.m2/repository/io/vertx/vertx-uri-template/4.5.10/vertx-uri-template-4.5.10.jar:/Users/stanaka/.m2/repository/io/github/crac/org-crac/0.1.3/org-crac-0.1.3.jar:/Users/stanaka/.m2/repository/org/apache/camel/camel-rest/4.8.0/camel-rest-4.8.0.jar:/Users/stanaka/.m2/repository/org/apache/camel/camel-support/4.8.0/camel-support-4.8.0.jar:/Users/stanaka/.m2/repository/org/apache/camel/camel-util-json/4.8.0/camel-util-json-4.8.0.jar:/Users/stanaka/.m2/repository/org/apache/camel/camel-tooling-model/4.8.0/camel-tooling-model-4.8.0.jar:/Users/stanaka/.m2/repository/org/apache/camel/quarkus/camel-quarkus-direct/3.15.0/camel-quarkus-direct-3.15.0.jar:/Users/stanaka/.m2/repository/org/apache/camel/camel-direct/4.8.0/camel-direct-4.8.0.jar:/Users/stanaka/.m2/repository/io/quarkus/quarkus-junit5/3.15.1/quarkus-junit5-3.15.1.jar:/Users/stanaka/.m2/repository/io/quarkus/quarkus-bootstrap-core/3.15.1/quarkus-bootstrap-core-3.15.1.jar:/Users/stanaka/.m2/repository/io/quarkus/quarkus-classloader-commons/3.15.1/quarkus-classloader-commons-3.15.1.jar:/Users/stanaka/.m2/repository/io/quarkus/quarkus-bootstrap-app-model/3.15.1/quarkus-bootstrap-app-model-3.15.1.jar:/Users/stanaka/.m2/repository/io/smallrye/common/smallrye-common-io/2.6.0/smallrye-common-io-2.6.0.jar:/Users/stanaka/.m2/repository/org/eclipse/sisu/org.eclipse.sisu.inject/0.9.0.M3/org.eclipse.sisu.inject-0.9.0.M3.jar:/Users/stanaka/.m2/repository/io/quarkus/quarkus-test-common/3.15.1/quarkus-test-common-3.15.1.jar:/Users/stanaka/.m2/repository/io/quarkus/quarkus-core-deployment/3.15.1/quarkus-core-deployment-3.15.1.jar:/Users/stanaka/.m2/repository/org/aesh/readline/2.6/readline-2.6.jar:/Users/stanaka/.m2/repository/org/fusesource/jansi/jansi/2.4.0/jansi-2.4.0.jar:/Users/stanaka/.m2/repository/org/aesh/aesh/2.8.2/aesh-2.8.2.jar:/Users/stanaka/.m2/repository/io/quarkus/gizmo/gizmo/1.8.0/gizmo-1.8.0.jar:/Users/stanaka/.m2/repository/org/ow2/asm/asm-util/9.7/asm-util-9.7.jar:/Users/stanaka/.m2/repository/org/ow2/asm/asm-analysis/9.7/asm-analysis-9.7.jar:/Users/stanaka/.m2/repository/org/ow2/asm/asm/9.7/asm-9.7.jar:/Users/stanaka/.m2/repository/org/ow2/asm/asm-commons/9.7/asm-commons-9.7.jar:/Users/stanaka/.m2/repository/org/ow2/asm/asm-tree/9.7/asm-tree-9.7.jar:/Users/stanaka/.m2/repository/io/quarkus/quarkus-hibernate-validator-spi/3.15.1/quarkus-hibernate-validator-spi-3.15.1.jar:/Users/stanaka/.m2/repository/io/quarkus/quarkus-class-change-agent/3.15.1/quarkus-class-change-agent-3.15.1.jar:/Users/stanaka/.m2/repository/io/quarkus/quarkus-devtools-utilities/3.15.1/quarkus-devtools-utilities-3.15.1.jar:/Users/stanaka/.m2/repository/io/quarkus/quarkus-builder/3.15.1/quarkus-builder-3.15.1.jar:/Users/stanaka/.m2/repository/org/graalvm/sdk/nativeimage/23.1.2/nativeimage-23.1.2.jar:/Users/stanaka/.m2/repository/org/graalvm/sdk/word/23.1.2/word-23.1.2.jar:/Users/stanaka/.m2/repository/org/junit/platform/junit-platform-launcher/1.10.3/junit-platform-launcher-1.10.3.jar:/Users/stanaka/.m2/repository/io/quarkus/quarkus-bootstrap-maven-resolver/3.15.1/quarkus-bootstrap-maven-resolver-3.15.1.jar:/Users/stanaka/.m2/repository/io/smallrye/beanbag/smallrye-beanbag-maven/1.5.2/smallrye-beanbag-maven-1.5.2.jar:/Users/stanaka/.m2/repository/io/smallrye/beanbag/smallrye-beanbag-sisu/1.5.2/smallrye-beanbag-sisu-1.5.2.jar:/Users/stanaka/.m2/repository/io/smallrye/beanbag/smallrye-beanbag/1.5.2/smallrye-beanbag-1.5.2.jar:/Users/stanaka/.m2/repository/javax/inject/javax.inject/1/javax.inject-1.jar:/Users/stanaka/.m2/repository/org/apache/maven/maven-artifact/3.9.8/maven-artifact-3.9.8.jar:/Users/stanaka/.m2/repository/org/apache/maven/maven-builder-support/3.9.8/maven-builder-support-3.9.8.jar:/Users/stanaka/.m2/repository/org/apache/maven/maven-model/3.9.8/maven-model-3.9.8.jar:/Users/stanaka/.m2/repository/org/apache/maven/maven-model-builder/3.9.8/maven-model-builder-3.9.8.jar:/Users/stanaka/.m2/repository/org/apache/maven/maven-repository-metadata/3.9.8/maven-repository-metadata-3.9.8.jar:/Users/stanaka/.m2/repository/org/apache/maven/maven-settings/3.9.8/maven-settings-3.9.8.jar:/Users/stanaka/.m2/repository/org/apache/maven/resolver/maven-resolver-api/1.9.22/maven-resolver-api-1.9.22.jar:/Users/stanaka/.m2/repository/org/apache/maven/resolver/maven-resolver-impl/1.9.22/maven-resolver-impl-1.9.22.jar:/Users/stanaka/.m2/repository/org/apache/maven/resolver/maven-resolver-named-locks/1.9.22/maven-resolver-named-locks-1.9.22.jar:/Users/stanaka/.m2/repository/org/apache/maven/resolver/maven-resolver-spi/1.9.22/maven-resolver-spi-1.9.22.jar:/Users/stanaka/.m2/repository/org/apache/maven/resolver/maven-resolver-util/1.9.22/maven-resolver-util-1.9.22.jar:/Users/stanaka/.m2/repository/org/apache/maven/resolver/maven-resolver-transport-http/1.9.20/maven-resolver-transport-http-1.9.20.jar:/Users/stanaka/.m2/repository/org/apache/maven/wagon/wagon-provider-api/3.5.3/wagon-provider-api-3.5.3.jar:/Users/stanaka/.m2/repository/org/apache/maven/wagon/wagon-http-shared/3.5.3/wagon-http-shared-3.5.3.jar:/Users/stanaka/.m2/repository/org/codehaus/plexus/plexus-interpolation/1.26/plexus-interpolation-1.26.jar:/Users/stanaka/.m2/repository/org/codehaus/plexus/plexus-utils/3.5.1/plexus-utils-3.5.1.jar:/Users/stanaka/.m2/repository/org/codehaus/plexus/plexus-xml/4.0.1/plexus-xml-4.0.1.jar:/Users/stanaka/.m2/repository/org/apache/maven/maven-xml-impl/4.0.0-alpha-5/maven-xml-impl-4.0.0-alpha-5.jar:/Users/stanaka/.m2/repository/org/apache/maven/maven-api-xml/4.0.0-alpha-5/maven-api-xml-4.0.0-alpha-5.jar:/Users/stanaka/.m2/repository/org/apache/maven/maven-api-meta/4.0.0-alpha-5/maven-api-meta-4.0.0-alpha-5.jar:/Users/stanaka/.m2/repository/org/codehaus/plexus/plexus-cipher/2.0/plexus-cipher-2.0.jar:/Users/stanaka/.m2/repository/org/codehaus/plexus/plexus-sec-dispatcher/2.0/plexus-sec-dispatcher-2.0.jar:/Users/stanaka/.m2/repository/org/apache/maven/maven-embedder/3.9.8/maven-embedder-3.9.8.jar:/Users/stanaka/.m2/repository/org/apache/maven/maven-core/3.9.8/maven-core-3.9.8.jar:/Users/stanaka/.m2/repository/org/codehaus/plexus/plexus-component-annotations/2.1.0/plexus-component-annotations-2.1.0.jar:/Users/stanaka/.m2/repository/org/apache/maven/maven-plugin-api/3.9.8/maven-plugin-api-3.9.8.jar:/Users/stanaka/.m2/repository/org/apache/maven/shared/maven-shared-utils/3.4.2/maven-shared-utils-3.4.2.jar:/Users/stanaka/.m2/repository/com/google/inject/guice/5.1.0/guice-5.1.0.jar:/Users/stanaka/.m2/repository/aopalliance/aopalliance/1.0/aopalliance-1.0.jar:/Users/stanaka/.m2/repository/com/google/guava/guava/33.2.1-jre/guava-33.2.1-jre.jar:/Users/stanaka/.m2/repository/com/google/guava/failureaccess/1.0.1/failureaccess-1.0.1.jar:/Users/stanaka/.m2/repository/javax/annotation/javax.annotation-api/1.3.2/javax.annotation-api-1.3.2.jar:/Users/stanaka/.m2/repository/org/codehaus/plexus/plexus-classworlds/2.6.0/plexus-classworlds-2.6.0.jar:/Users/stanaka/.m2/repository/commons-cli/commons-cli/1.8.0/commons-cli-1.8.0.jar:/Users/stanaka/.m2/repository/org/eclipse/sisu/org.eclipse.sisu.plexus/0.9.0.M3/org.eclipse.sisu.plexus-0.9.0.M3.jar:/Users/stanaka/.m2/repository/org/apache/maven/maven-settings-builder/3.9.8/maven-settings-builder-3.9.8.jar:/Users/stanaka/.m2/repository/org/apache/maven/maven-resolver-provider/3.9.8/maven-resolver-provider-3.9.8.jar:/Users/stanaka/.m2/repository/org/apache/maven/resolver/maven-resolver-connector-basic/1.9.22/maven-resolver-connector-basic-1.9.22.jar:/Users/stanaka/.m2/repository/org/apache/maven/resolver/maven-resolver-transport-wagon/1.9.22/maven-resolver-transport-wagon-1.9.22.jar:/Users/stanaka/.m2/repository/org/apache/maven/wagon/wagon-http/3.5.3/wagon-http-3.5.3.jar:/Users/stanaka/.m2/repository/org/apache/maven/wagon/wagon-file/3.5.3/wagon-file-3.5.3.jar:/Users/stanaka/.m2/repository/io/quarkus/quarkus-bootstrap-gradle-resolver/3.15.1/quarkus-bootstrap-gradle-resolver-3.15.1.jar:/Users/stanaka/.m2/repository/io/smallrye/jandex/3.2.2/jandex-3.2.2.jar:/Users/stanaka/.m2/repository/commons-io/commons-io/2.16.1/commons-io-2.16.1.jar:/Users/stanaka/.m2/repository/org/jboss/logging/commons-logging-jboss-logging/1.0.0.Final/commons-logging-jboss-logging-1.0.0.Final.jar:/Users/stanaka/.m2/repository/io/quarkus/quarkus-junit5-properties/3.15.1/quarkus-junit5-properties-3.15.1.jar:/Users/stanaka/.m2/repository/org/junit/jupiter/junit-jupiter/5.10.3/junit-jupiter-5.10.3.jar:/Users/stanaka/.m2/repository/org/junit/jupiter/junit-jupiter-api/5.10.3/junit-jupiter-api-5.10.3.jar:/Users/stanaka/.m2/repository/org/opentest4j/opentest4j/1.3.0/opentest4j-1.3.0.jar:/Users/stanaka/.m2/repository/org/junit/platform/junit-platform-commons/1.10.3/junit-platform-commons-1.10.3.jar:/Users/stanaka/.m2/repository/org/apiguardian/apiguardian-api/1.1.2/apiguardian-api-1.1.2.jar:/Users/stanaka/.m2/repository/org/junit/jupiter/junit-jupiter-params/5.10.3/junit-jupiter-params-5.10.3.jar:/Users/stanaka/.m2/repository/org/junit/jupiter/junit-jupiter-engine/5.10.3/junit-jupiter-engine-5.10.3.jar:/Users/stanaka/.m2/repository/org/junit/platform/junit-platform-engine/1.10.3/junit-platform-engine-1.10.3.jar:/Users/stanaka/.m2/repository/io/quarkus/quarkus-core/3.15.1/quarkus-core-3.15.1.jar:/Users/stanaka/.m2/repository/jakarta/annotation/jakarta.annotation-api/3.0.0/jakarta.annotation-api-3.0.0.jar:/Users/stanaka/.m2/repository/jakarta/enterprise/jakarta.enterprise.cdi-api/4.1.0/jakarta.enterprise.cdi-api-4.1.0.jar:/Users/stanaka/.m2/repository/jakarta/enterprise/jakarta.enterprise.lang-model/4.1.0/jakarta.enterprise.lang-model-4.1.0.jar:/Users/stanaka/.m2/repository/jakarta/el/jakarta.el-api/5.0.1/jakarta.el-api-5.0.1.jar:/Users/stanaka/.m2/repository/jakarta/interceptor/jakarta.interceptor-api/2.2.0/jakarta.interceptor-api-2.2.0.jar:/Users/stanaka/.m2/repository/jakarta/inject/jakarta.inject-api/2.0.1/jakarta.inject-api-2.0.1.jar:/Users/stanaka/.m2/repository/io/smallrye/common/smallrye-common-os/2.6.0/smallrye-common-os-2.6.0.jar:/Users/stanaka/.m2/repository/io/quarkus/quarkus-ide-launcher/3.15.1/quarkus-ide-launcher-3.15.1.jar:/Users/stanaka/.m2/repository/io/smallrye/config/smallrye-config/3.9.1/smallrye-config-3.9.1.jar:/Users/stanaka/.m2/repository/io/smallrye/config/smallrye-config-core/3.9.1/smallrye-config-core-3.9.1.jar:/Users/stanaka/.m2/repository/io/smallrye/common/smallrye-common-classloader/2.6.0/smallrye-common-classloader-2.6.0.jar:/Users/stanaka/.m2/repository/io/smallrye/config/smallrye-config-common/3.9.1/smallrye-config-common-3.9.1.jar:/Users/stanaka/.m2/repository/org/jboss/logging/jboss-logging/3.6.0.Final/jboss-logging-3.6.0.Final.jar:/Users/stanaka/.m2/repository/org/jboss/logmanager/jboss-logmanager/3.0.6.Final/jboss-logmanager-3.0.6.Final.jar:/Users/stanaka/.m2/repository/io/smallrye/common/smallrye-common-constraint/2.6.0/smallrye-common-constraint-2.6.0.jar:/Users/stanaka/.m2/repository/io/smallrye/common/smallrye-common-cpu/2.6.0/smallrye-common-cpu-2.6.0.jar:/Users/stanaka/.m2/repository/io/smallrye/common/smallrye-common-expression/2.6.0/smallrye-common-expression-2.6.0.jar:/Users/stanaka/.m2/repository/io/smallrye/common/smallrye-common-function/2.6.0/smallrye-common-function-2.6.0.jar:/Users/stanaka/.m2/repository/io/smallrye/common/smallrye-common-net/2.6.0/smallrye-common-net-2.6.0.jar:/Users/stanaka/.m2/repository/io/smallrye/common/smallrye-common-ref/2.6.0/smallrye-common-ref-2.6.0.jar:/Users/stanaka/.m2/repository/jakarta/json/jakarta.json-api/2.1.3/jakarta.json-api-2.1.3.jar:/Users/stanaka/.m2/repository/org/eclipse/parsson/parsson/1.1.7/parsson-1.1.7.jar:/Users/stanaka/.m2/repository/org/jboss/logging/jboss-logging-annotations/3.0.1.Final/jboss-logging-annotations-3.0.1.Final.jar:/Users/stanaka/.m2/repository/org/jboss/threads/jboss-threads/3.6.1.Final/jboss-threads-3.6.1.Final.jar:/Users/stanaka/.m2/repository/org/slf4j/slf4j-api/2.0.6/slf4j-api-2.0.6.jar:/Users/stanaka/.m2/repository/org/jboss/slf4j/slf4j-jboss-logmanager/2.0.0.Final/slf4j-jboss-logmanager-2.0.0.Final.jar:/Users/stanaka/.m2/repository/org/wildfly/common/wildfly-common/1.7.0.Final/wildfly-common-1.7.0.Final.jar:/Users/stanaka/.m2/repository/io/quarkus/quarkus-bootstrap-runner/3.15.1/quarkus-bootstrap-runner-3.15.1.jar:/Users/stanaka/.m2/repository/io/quarkus/quarkus-fs-util/0.0.10/quarkus-fs-util-0.0.10.jar:/Users/stanaka/.m2/repository/org/jboss/marshalling/jboss-marshalling/2.2.1.Final/jboss-marshalling-2.2.1.Final.jar:/Users/stanaka/.m2/repository/io/rest-assured/rest-assured/5.5.0/rest-assured-5.5.0.jar:/Users/stanaka/.m2/repository/org/apache/groovy/groovy/4.0.21/groovy-4.0.21.jar:/Users/stanaka/.m2/repository/org/apache/groovy/groovy-xml/4.0.22/groovy-xml-4.0.22.jar:/Users/stanaka/.m2/repository/org/apache/httpcomponents/httpclient/4.5.14/httpclient-4.5.14.jar:/Users/stanaka/.m2/repository/org/apache/httpcomponents/httpcore/4.4.16/httpcore-4.4.16.jar:/Users/stanaka/.m2/repository/commons-codec/commons-codec/1.17.1/commons-codec-1.17.1.jar:/Users/stanaka/.m2/repository/org/apache/httpcomponents/httpmime/4.5.14/httpmime-4.5.14.jar:/Users/stanaka/.m2/repository/org/hamcrest/hamcrest/2.2/hamcrest-2.2.jar:/Users/stanaka/.m2/repository/org/ccil/cowan/tagsoup/tagsoup/1.2.1/tagsoup-1.2.1.jar:/Users/stanaka/.m2/repository/io/rest-assured/json-path/5.5.0/json-path-5.5.0.jar:/Users/stanaka/.m2/repository/org/apache/groovy/groovy-json/4.0.22/groovy-json-4.0.22.jar:/Users/stanaka/.m2/repository/io/rest-assured/rest-assured-common/5.5.0/rest-assured-common-5.5.0.jar:/Users/stanaka/.m2/repository/io/rest-assured/xml-path/5.5.0/xml-path-5.5.0.jar:/Users/stanaka/.m2/repository/org/apache/commons/commons-lang3/3.14.0/commons-lang3-3.14.0.jar:"/>
    <property name="sun.cpu.endian" value="little"/>
    <property name="vertx.disableWebsockets" value="true"/>
    <property name="user.home" value="/Users/stanaka"/>
    <property name="user.language" value="en"/>
    <property name="jboss.log-version" value="false"/>
    <property name="java.specification.vendor" value="Oracle Corporation"/>
    <property name="io.netty.allocator.maxOrder" value="3"/>
    <property name="java.version.date" value="2024-10-15"/>
    <property name="java.home" value="/Users/stanaka/.sdkman/candidates/java/23.0.1-graal"/>
    <property name="file.separator" value="/"/>
    <property name="basedir" value="/Users/stanaka/work/demo/demo-camel-quarkus/camel-quarkus-cicd"/>
    <property name="style.color" value="always"/>
    <property name="java.vm.compressedOopsMode" value="Zero based"/>
    <property name="jdk.internal.vm.ci.enabled" value="true"/>
    <property name="line.separator" value="&#10;"/>
    <property name="java.vm.specification.vendor" value="Oracle Corporation"/>
    <property name="java.specification.name" value="Java Platform API Specification"/>
    <property name="apple.awt.application.name" value="ForkedBooter"/>
    <property name="surefire.real.class.path" value="/Users/stanaka/work/demo/demo-camel-quarkus/camel-quarkus-cicd/target/surefire/surefirebooter-20241025075350450_3.jar"/>
    <property name="sun.management.compiler" value="HotSpot 64-Bit Tiered Compilers"/>
    <property name="ftp.nonProxyHosts" value="local|*.local|169.254/16|*.169.254/16"/>
    <property name="java.runtime.version" value="23.0.1+11-jvmci-b01"/>
    <property name="user.name" value="stanaka"/>
    <property name="stdout.encoding" value="UTF-8"/>
    <property name="path.separator" value=":"/>
    <property name="quarkus.native.container-build" value="true"/>
    <property name="os.version" value="15.0.1"/>
    <property name="java.runtime.name" value="Java(TM) SE Runtime Environment"/>
    <property name="file.encoding" value="UTF-8"/>
    <property name="native" value="true"/>
    <property name="java.vm.name" value="Java HotSpot(TM) 64-Bit Server VM"/>
    <property name="java.vendor.version" value="Oracle GraalVM 23.0.1+11.1"/>
    <property name="localRepository" value="/Users/stanaka/.m2/repository"/>
    <property name="java.vendor.url.bug" value="https://bugreport.java.com/bugreport/"/>
    <property name="java.io.tmpdir" value="/var/folders/rl/qzqx6rw57cz0lrsttmg95c6w0000gn/T/"/>
    <property name="quarkus.log.file.path" value="target/quarkus.log"/>
    <property name="java.version" value="23.0.1"/>
    <property name="java.util.concurrent.ForkJoinPool.common.threadFactory" value="io.quarkus.bootstrap.forkjoin.QuarkusForkJoinWorkerThreadFactory"/>
    <property name="user.dir" value="/Users/stanaka/work/demo/demo-camel-quarkus/camel-quarkus-cicd"/>
    <property name="os.arch" value="aarch64"/>
    <property name="java.vm.specification.name" value="Java Virtual Machine Specification"/>
    <property name="vertx.disableDnsResolver" value="true"/>
    <property name="native.encoding" value="UTF-8"/>
    <property name="java.util.logging.manager" value="org.jboss.logmanager.LogManager"/>
    <property name="java.library.path" value="/Users/stanaka/Library/Java/Extensions:/Library/Java/Extensions:/Network/Library/Java/Extensions:/System/Library/Java/Extensions:/usr/lib/java:."/>
    <property name="java.vm.info" value="mixed mode, sharing"/>
    <property name="stderr.encoding" value="UTF-8"/>
    <property name="java.vendor" value="Oracle Corporation"/>
    <property name="vertx.disableTCCL" value="true"/>
    <property name="java.vm.version" value="23.0.1+11-jvmci-b01"/>
    <property name="sun.io.unicode.encoding" value="UnicodeBig"/>
    <property name="quarkus.native.container-runtime" value="docker"/>
    <property name="io.netty.machineId" value="7b:55:ff:09:3d:ef:52:77"/>
    <property name="socksNonProxyHosts" value="local|*.local|169.254/16|*.169.254/16"/>
    <property name="java.class.version" value="67.0"/>
  </properties>
  <testcase name="fruits" classname="org.acme.rest.json.RestJsonTest" time="0.836">
    <system-out><![CDATA[2024-10-25 07:53:52,591 INFO  [org.apa.cam.qua.cor.CamelBootstrapRecorder] (main) Apache Camel Quarkus 3.15.0 is starting
2024-10-25 07:53:52,593 INFO  [org.apa.cam.mai.MainSupport] (main) Apache Camel (Main) 4.8.0 is starting
2024-10-25 07:53:52,612 INFO  [org.apa.cam.mai.BaseMainSupport] (main) Auto-configuration summary
2024-10-25 07:53:52,612 INFO  [org.apa.cam.mai.BaseMainSupport] (main)     [MicroProfilePropertiesSource] camel.context.name = quarkus-camel-example-rest-json
2024-10-25 07:53:52,678 INFO  [org.apa.cam.imp.eng.AbstractCamelContext] (main) Apache Camel 4.8.0 (quarkus-camel-example-rest-json) is starting
2024-10-25 07:53:52,748 INFO  [org.apa.cam.imp.eng.AbstractCamelContext] (main) Routes startup (total:3 rest-dsl:3)
2024-10-25 07:53:52,748 INFO  [org.apa.cam.imp.eng.AbstractCamelContext] (main)     Started route1 (rest://get:/fruits)
2024-10-25 07:53:52,748 INFO  [org.apa.cam.imp.eng.AbstractCamelContext] (main)     Started route2 (rest://post:/fruits)
2024-10-25 07:53:52,749 INFO  [org.apa.cam.imp.eng.AbstractCamelContext] (main)     Started route3 (rest://get:/legumes)
2024-10-25 07:53:52,749 INFO  [org.apa.cam.imp.eng.AbstractCamelContext] (main) Apache Camel 4.8.0 (quarkus-camel-example-rest-json) started in 70ms (build:0ms init:0ms start:70ms)
2024-10-25 07:53:52,812 INFO  [io.quarkus] (main) camel-quarkus-cicd 1.0 on JVM (powered by Quarkus 3.15.1) started in 1.477s. Listening on: http://localhost:8081
2024-10-25 07:53:52,812 INFO  [io.quarkus] (main) Profile test activated. 
2024-10-25 07:53:52,813 INFO  [io.quarkus] (main) Installed features: [camel-attachments, camel-core, camel-direct, camel-jackson, camel-platform-http, camel-rest, cdi, smallrye-context-propagation, vertx]
]]></system-out>
  </testcase>
  <testcase name="legumes" classname="org.acme.rest.json.RestJsonTest" time="0.019"/>
</testsuite>